<?xml version="1.0" encoding="UTF-8"?>
<testng-results skipped="0" failed="0" total="1" passed="1">
  <reporter-output>
  </reporter-output>
  <suite name="Suite1" duration-ms="904050" started-at="2017-02-12T12:20:08Z" finished-at="2017-02-12T12:35:12Z">
    <groups>
    </groups>
    <test name="test1" duration-ms="904050" started-at="2017-02-12T12:20:08Z" finished-at="2017-02-12T12:35:12Z">
      <class name="AP.RunProgram">
        <test-method status="PASS" signature="beforeTest(java.lang.String)[pri:0, instance:AP.RunProgram@b684286]" name="beforeTest" is-config="true" duration-ms="20338" started-at="2017-02-12T17:50:08Z" finished-at="2017-02-12T17:50:28Z">
          <params>
            <param index="0">
              <value>
                <![CDATA[mou]]>
              </value>
            </param>
          </params>
          <reporter-output>
          </reporter-output>
        </test-method> <!-- beforeTest -->
        <test-method status="PASS" signature="f(java.lang.String, java.lang.String)[pri:0, instance:AP.RunProgram@b684286]" name="f" duration-ms="882484" started-at="2017-02-12T17:50:28Z" finished-at="2017-02-12T18:05:10Z">
          <params>
            <param index="0">
              <value>
                <![CDATA[URL]]>
              </value>
            </param>
            <param index="1">
              <value>
                <![CDATA[mou]]>
              </value>
            </param>
          </params>
          <reporter-output>
          </reporter-output>
        </test-method> <!-- f -->
        <test-method status="PASS" signature="afterTest()[pri:0, instance:AP.RunProgram@b684286]" name="afterTest" is-config="true" duration-ms="1218" started-at="2017-02-12T18:05:10Z" finished-at="2017-02-12T18:05:12Z">
          <reporter-output>
          </reporter-output>
        </test-method> <!-- afterTest -->
      </class> <!-- AP.RunProgram -->
    </test> <!-- test1 -->
  </suite> <!-- Suite1 -->
</testng-results>
