<?xml version="1.0" encoding="UTF-8"?>
<testng-results skipped="0" failed="0" total="1" passed="1">
  <reporter-output>
  </reporter-output>
  <suite name="Suite1" duration-ms="942583" started-at="2017-02-12T04:32:33Z" finished-at="2017-02-12T04:48:15Z">
    <groups>
    </groups>
    <test name="test1" duration-ms="942583" started-at="2017-02-12T04:32:33Z" finished-at="2017-02-12T04:48:15Z">
      <class name="AP.RunProgram">
        <test-method status="PASS" signature="beforeTest(java.lang.String)[pri:0, instance:AP.RunProgram@1d057a39]" name="beforeTest" is-config="true" duration-ms="21184" started-at="2017-02-12T10:02:33Z" finished-at="2017-02-12T10:02:54Z">
          <params>
            <param index="0">
              <value>
                <![CDATA[san]]>
              </value>
            </param>
          </params>
          <reporter-output>
          </reporter-output>
        </test-method> <!-- beforeTest -->
        <test-method status="PASS" signature="f(java.lang.String, java.lang.String)[pri:0, instance:AP.RunProgram@1d057a39]" name="f" duration-ms="919606" started-at="2017-02-12T10:02:54Z" finished-at="2017-02-12T10:18:14Z">
          <params>
            <param index="0">
              <value>
                <![CDATA[URL1]]>
              </value>
            </param>
            <param index="1">
              <value>
                <![CDATA[san]]>
              </value>
            </param>
          </params>
          <reporter-output>
          </reporter-output>
        </test-method> <!-- f -->
        <test-method status="PASS" signature="afterTest()[pri:0, instance:AP.RunProgram@1d057a39]" name="afterTest" is-config="true" duration-ms="1748" started-at="2017-02-12T10:18:14Z" finished-at="2017-02-12T10:18:15Z">
          <reporter-output>
          </reporter-output>
        </test-method> <!-- afterTest -->
      </class> <!-- AP.RunProgram -->
    </test> <!-- test1 -->
  </suite> <!-- Suite1 -->
</testng-results>
